#
# A fatal error has been detected by the Java Runtime Environment:
#
#  EXCEPTION_ACCESS_VIOLATION (0xc0000005) at pc=0x00007ffdc8b1d39a, pid=3416, tid=8832
#
# JRE version: OpenJDK Runtime Environment Temurin-21.0.4+7 (21.0.4+7) (build 21.0.4+7-LTS)
# Java VM: OpenJDK 64-Bit Server VM Temurin-21.0.4+7 (21.0.4+7-LTS, mixed mode, sharing, tiered, compressed oops, compressed class ptrs, g1 gc, windows-amd64)
# Problematic frame:
# C  [lwjgl_opengl.dll+0xd39a]
#
# No core dump will be written. Minidumps are not enabled by default on client versions of Windows
#
# If you would like to submit a bug report, please visit:
#   https://github.com/adoptium/adoptium-support/issues
# The crash happened outside the Java Virtual Machine in native code.
# See problematic frame for where to report the bug.
#

---------------  S U M M A R Y ------------

Command Line: -XX:+ShowCodeDetailsInExceptionMessages bytejam.project.App

Host: AMD Ryzen 5 5600X 6-Core Processor             , 12 cores, 31G,  Windows 11 , 64 bit Build 26100 (10.0.26100.1882)
Time: Sat Oct 26 11:45:14 2024 Central Daylight Time elapsed time: 0.195502 seconds (0d 0h 0m 0s)

---------------  T H R E A D  ---------------

Current thread (0x00000240a02f61a0):  JavaThread "main"             [_thread_in_native, id=8832, stack(0x000000c102c00000,0x000000c102d00000) (1024K)]

Stack: [0x000000c102c00000,0x000000c102d00000],  sp=0x000000c102cff0b8,  free space=1020k
Native frames: (J=compiled Java code, j=interpreted, Vv=VM code, C=native code)
C  [lwjgl_opengl.dll+0xd39a]

Java frames: (J=compiled Java code, j=interpreted, Vv=VM code)
j  org.lwjgl.opengl.GL11C.nglGenTextures(IJ)V+0
j  org.lwjgl.opengl.GL11C.glGenTextures()I+20
j  org.lwjgl.opengl.GL11.glGenTextures()I+0
j  bytejam.project.renderer.Texture.<init>(Ljava/lang/String;)V+10
j  bytejam.project.turbo.util.AssetPool.getTexture(Ljava/lang/String;)Lbytejam/project/renderer/Texture;+45
j  bytejam.project.turbo.PresentScene.init()V+51
j  bytejam.project.turbo.Window.init()V+7
j  bytejam.project.turbo.Window.run()V+15
j  bytejam.project.App.main([Ljava/lang/String;)V+5
v  ~StubRoutines::call_stub 0x00000240b204100d

siginfo: EXCEPTION_ACCESS_VIOLATION (0xc0000005), reading address 0x00000000000002d8


Registers:
RAX=0x0000000000000000, RBX=0x000002410952b320, RCX=0x00000240a02f6558, RDX=0x000002410861a74c
RSP=0x000000c102cff0b8, RBP=0x000000c102cff140, RSI=0x0000024109160888, RDI=0x00000240b2048860
R8 =0x0000000000000001, R9 =0x000002410861a74c, R10=0x00000240b204ce1c, R11=0x0000000620b37b68
R12=0x0000000000000000, R13=0x000002410952b320, R14=0x000000c102cff170, R15=0x00000240a02f61a0
RIP=0x00007ffdc8b1d39a, EFLAGS=0x0000000000010202


Register to memory mapping:

RAX=0x0 is null
RBX={method} {0x000002410952b328} 'nglGenTextures' '(IJ)V' in 'org/lwjgl/opengl/GL11C'
RCX=0x00000240a02f6558 points into unknown readable memory: 0x0000024108665b20 | 20 5b 66 08 41 02 00 00
RDX=0x000002410861a74c points into unknown readable memory: 00 00 00 00
RSP=0x000000c102cff0b8 is pointing into the stack for thread: 0x00000240a02f61a0
RBP=0x000000c102cff140 is pointing into the stack for thread: 0x00000240a02f61a0
RSI=0x0000024109160888 is pointing into metadata
RDI=0x00000240b2048860 is at code_begin+1184 in an Interpreter codelet
return entry points  [0x00000240b20483c0, 0x00000240b2048f60]  2976 bytes
R8 =0x0000000000000001 is an unknown value
R9 =0x000002410861a74c points into unknown readable memory: 00 00 00 00
R10=0x00000240b204ce1c is at code_begin+1020 in an Interpreter codelet
native method entry point (kind = native)  [0x00000240b204ca20, 0x00000240b204d548]  2856 bytes
R11=0x0000000620b37b68 is an oop: java.lang.Class 
{0x0000000620b37b68} - klass: 'java/lang/Class'
 - ---- fields (total size 116 words):
 - private volatile transient 'classRedefinedCount' 'I' @12  0 (0x00000000)
 - injected 'klass' 'J' @16  2477256704000 (0x00000240c8018000)
 - injected 'array_klass' 'J' @24  0 (0x0000000000000000)
 - injected 'oop_size' 'I' @32  116 (0x00000074)
 - injected 'static_oop_field_count' 'I' @36  0 (0x00000000)
 - private volatile transient 'cachedConstructor' 'Ljava/lang/reflect/Constructor;' @40  null (0x00000000)
 - private transient 'name' 'Ljava/lang/String;' @44  "org.lwjgl.opengl.GL11C"{0x0000000620b37f08} (0xc4166fe1)
 - private transient 'module' 'Ljava/lang/Module;' @48  a 'java/lang/Module'{0x0000000620c6ef38} (0xc418dde7)
 - private final 'classLoader' 'Ljava/lang/ClassLoader;' @52  a 'jdk/internal/loader/ClassLoaders$AppClassLoader'{0x0000000620c6ed78} (0xc418ddaf)
 - private transient 'classData' 'Ljava/lang/Object;' @56  null (0x00000000)
 - private transient 'packageName' 'Ljava/lang/String;' @60  "org.lwjgl.opengl"{0x0000000620fe6488} (0xc41fcc91)
 - private final 'componentType' 'Ljava/lang/Class;' @64  null (0x00000000)
 - private volatile transient 'reflectionData' 'Ljava/lang/ref/SoftReference;' @68  null (0x00000000)
 - private volatile transient 'genericInfo' 'Lsun/reflect/generics/repository/ClassRepository;' @72  null (0x00000000)
 - private volatile transient 'enumConstants' '[Ljava/lang/Object;' @76  null (0x00000000)
 - private volatile transient 'enumConstantDirectory' 'Ljava/util/Map;' @80  null (0x00000000)
 - private volatile transient 'annotationData' 'Ljava/lang/Class$AnnotationData;' @84  null (0x00000000)
 - private volatile transient 'annotationType' 'Lsun/reflect/annotation/AnnotationType;' @88  null (0x00000000)
 - transient 'classValueMap' 'Ljava/lang/ClassValue$ClassValueMap;' @92  null (0x00000000)
 - injected 'protection_domain' 'Ljava/lang/Object;' @96  a 'java/security/ProtectionDomain'{0x0000000620ff9bc8} (0xc41ff379)
 - injected 'signers_name' 'Ljava/lang/Object;' @100  null (0x00000000)
 - injected 'source_file' 'Ljava/lang/Object;' @104  null (0x00000000)
 - signature: Lorg/lwjgl/opengl/GL11C;
 - ---- static fields (0):
 - public static final 'GL_NEVER' 'I' @112  512 (0x00000200)
 - public static final 'GL_LESS' 'I' @116  513 (0x00000201)
 - public static final 'GL_EQUAL' 'I' @120  514 (0x00000202)
 - public static final 'GL_LEQUAL' 'I' @124  515 (0x00000203)
 - public static final 'GL_GREATER' 'I' @128  516 (0x00000204)
 - public static final 'GL_NOTEQUAL' 'I' @132  517 (0x00000205)
 - public static final 'GL_GEQUAL' 'I' @136  518 (0x00000206)
 - public static final 'GL_ALWAYS' 'I' @140  519 (0x00000207)
 - public static final 'GL_DEPTH_BUFFER_BIT' 'I' @144  256 (0x00000100)
 - public static final 'GL_STENCIL_BUFFER_BIT' 'I' @148  1024 (0x00000400)
 - public static final 'GL_COLOR_BUFFER_BIT' 'I' @152  16384 (0x00004000)
 - public static final 'GL_POINTS' 'I' @156  0 (0x00000000)
 - public static final 'GL_LINES' 'I' @160  1 (0x00000001)
 - public static final 'GL_LINE_LOOP' 'I' @164  2 (0x00000002)
 - public static final 'GL_LINE_STRIP' 'I' @168  3 (0x00000003)
 - public static final 'GL_TRIANGLES' 'I' @172  4 (0x00000004)
 - public static final 'GL_TRIANGLE_STRIP' 'I' @176  5 (0x00000005)
 - public static final 'GL_TRIANGLE_FAN' 'I' @180  6 (0x00000006)
 - public static final 'GL_QUADS' 'I' @184  7 (0x00000007)
 - public static final 'GL_ZERO' 'I' @188  0 (0x00000000)
 - public static final 'GL_ONE' 'I' @192  1 (0x00000001)
 - public static final 'GL_SRC_COLOR' 'I' @196  768 (0x00000300)
 - public static final 'GL_ONE_MINUS_SRC_COLOR' 'I' @200  769 (0x00000301)
 - public static final 'GL_SRC_ALPHA' 'I' @204  770 (0x00000302)
 - public static final 'GL_ONE_MINUS_SRC_ALPHA' 'I' @208  771 (0x00000303)
 - public static final 'GL_DST_ALPHA' 'I' @212  772 (0x00000304)
 - public static final 'GL_ONE_MINUS_DST_ALPHA' 'I' @216  773 (0x00000305)
 - public static final 'GL_DST_COLOR' 'I' @220  774 (0x00000306)
 - public static final 'GL_ONE_MINUS_DST_COLOR' 'I' @224  775 (0x00000307)
 - public static final 'GL_SRC_ALPHA_SATURATE' 'I' @228  776 (0x00000308)
 - public static final 'GL_TRUE' 'I' @232  1 (0x00000001)
 - public static final 'GL_FALSE' 'I' @236  0 (0x00000000)
 - public static final 'GL_BYTE' 'I' @240  5120 (0x00001400)
 - public static final 'GL_UNSIGNED_BYTE' 'I' @244  5121 (0x00001401)
 - public static final 'GL_SHORT' 'I' @248  5122 (0x00001402)
 - public static final 'GL_UNSIGNED_SHORT' 'I' @252  5123 (0x00001403)
 - public static final 'GL_INT' 'I' @256  5124 (0x00001404)
 - public static final 'GL_UNSIGNED_INT' 'I' @260  5125 (0x00001405)
 - public static final 'GL_FLOAT' 'I' @264  5126 (0x00001406)
 - public static final 'GL_DOUBLE' 'I' @268  5130 (0x0000140a)
 - public static final 'GL_NONE' 'I' @272  0 (0x00000000)
 - public static final 'GL_FRONT_LEFT' 'I' @276  1024 (0x00000400)
 - public static final 'GL_FRONT_RIGHT' 'I' @280  1025 (0x00000401)
 - public static final 'GL_BACK_LEFT' 'I' @284  1026 (0x00000402)
 - public static final 'GL_BACK_RIGHT' 'I' @288  1027 (0x00000403)
 - public static final 'GL_FRONT' 'I' @292  1028 (0x00000404)
 - public static final 'GL_BACK' 'I' @296  1029 (0x00000405)
 - public static final 'GL_LEFT' 'I' @300  1030 (0x00000406)
 - public static final 'GL_RIGHT' 'I' @304  1031 (0x00000407)
 - public static final 'GL_FRONT_AND_BACK' 'I' @308  1032 (0x00000408)
 - public static final 'GL_NO_ERROR' 'I' @312  0 (0x00000000)
 - public static final 'GL_INVALID_ENUM' 'I' @316  1280 (0x00000500)
 - public static final 'GL_INVALID_VALUE' 'I' @320  1281 (0x00000501)
 - public static final 'GL_INVALID_OPERATION' 'I' @324  1282 (0x00000502)
 - public static final 'GL_STACK_OVERFLOW' 'I' @328  1283 (0x00000503)
 - public static final 'GL_STACK_UNDERFLOW' 'I' @332  1284 (0x00000504)
 - public static final 'GL_OUT_OF_MEMORY' 'I' @336  1285 (0x00000505)
 - public static final 'GL_CW' 'I' @340  2304 (0x00000900)
 - public static final 'GL_CCW' 'I' @344  2305 (0x00000901)
 - public static final 'GL_POINT_SIZE' 'I' @348  2833 (0x00000b11)
 - public static final 'GL_POINT_SIZE_RANGE' 'I' @352  2834 (0x00000b12)
 - public static final 'GL_POINT_SIZE_GRANULARITY' 'I' @356  2835 (0x00000b13)
 - public static final 'GL_LINE_SMOOTH' 'I' @360  2848 (0x00000b20)
 - public static final 'GL_LINE_WIDTH' 'I' @364  2849 (0x00000b21)
 - public static final 'GL_LINE_WIDTH_RANGE' 'I' @368  2850 (0x00000b22)
 - public static final 'GL_LINE_WIDTH_GRANULARITY' 'I' @372  2851 (0x00000b23)
 - public static final 'GL_POLYGON_MODE' 'I' @376  2880 (0x00000b40)
 - public static final 'GL_POLYGON_SMOOTH' 'I' @380  2881 (0x00000b41)
 - public static final 'GL_CULL_FACE' 'I' @384  2884 (0x00000b44)
 - public static final 'GL_CULL_FACE_MODE' 'I' @388  2885 (0x00000b45)
 - public static final 'GL_FRONT_FACE' 'I' @392  2886 (0x00000b46)
 - public static final 'GL_DEPTH_RANGE' 'I' @396  2928 (0x00000b70)
 - public static final 'GL_DEPTH_TEST' 'I' @400  2929 (0x00000b71)
 - public static final 'GL_DEPTH_WRITEMASK' 'I' @404  2930 (0x00000b72)
 - public static final 'GL_DEPTH_CLEAR_VALUE' 'I' @408  2931 (0x00000b73)
 - public static final 'GL_DEPTH_FUNC' 'I' @412  2932 (0x00000b74)
 - public static final 'GL_STENCIL_TEST' 'I' @416  2960 (0x00000b90)
 - public static final 'GL_STENCIL_CLEAR_VALUE' 'I' @420  2961 (0x00000b91)
 - public static final 'GL_STENCIL_FUNC' 'I' @424  2962 (0x00000b92)
 - public static final 'GL_STENCIL_VALUE_MASK' 'I' @428  2963 (0x00000b93)
 - public static final 'GL_STENCIL_FAIL' 'I' @432  2964 (0x00000b94)
 - public static final 'GL_STENCIL_PASS_DEPTH_FAIL' 'I' @436  2965 (0x00000b95)
 - public static final 'GL_STENCIL_PASS_DEPTH_PASS' 'I' @440  2966 (0x00000b96)
 - public static final 'GL_STENCIL_REF' 'I' @444  2967 (0x00000b97)
 - public static final 'GL_STENCIL_WRITEMASK' 'I' @448  2968 (0x00000b98)
 - public static final 'GL_VIEWPORT' 'I' @452  2978 (0x00000ba2)
 - public static final 'GL_DITHER' 'I' @456  3024 (0x00000bd0)
 - public static final 'GL_BLEND_DST' 'I' @460  3040 (0x00000be0)
 - public static final 'GL_BLEND_SRC' 'I' @464  3041 (0x00000be1)
 - public static final 'GL_BLEND' 'I' @468  3042 (0x00000be2)
 - public static final 'GL_LOGIC_OP_MODE' 'I' @472  3056 (0x00000bf0)
 - public static final 'GL_COLOR_LOGIC_OP' 'I' @476  3058 (0x00000bf2)
 - public static final 'GL_DRAW_BUFFER' 'I' @480  3073 (0x00000c01)
 - public static final 'GL_READ_BUFFER' 'I' @484  3074 (0x00000c02)
 - public static final 'GL_SCISSOR_BOX' 'I' @488  3088 (0x00000c10)
 - public static final 'GL_SCISSOR_TEST' 'I' @492  3089 (0x00000c11)
 - public static final 'GL_COLOR_CLEAR_VALUE' 'I' @496  3106 (0x00000c22)
 - public static final 'GL_COLOR_WRITEMASK' 'I' @500  3107 (0x00000c23)
 - public static final 'GL_DOUBLEBUFFER' 'I' @504  3122 (0x00000c32)
 - public static final 'GL_STEREO' 'I' @508  3123 (0x00000c33)
 - public static final 'GL_LINE_SMOOTH_HINT' 'I' @512  3154 (0x00000c52)
 - public static final 'GL_POLYGON_SMOOTH_HINT' 'I' @516  3155 (0x00000c53)
 - public static final 'GL_UNPACK_SWAP_BYTES' 'I' @520  3312 (0x00000cf0)
 - public static final 'GL_UNPACK_LSB_FIRST' 'I' @524  3313 (0x00000cf1)
 - public static final 'GL_UNPACK_ROW_LENGTH' 'I' @528  3314 (0x00000cf2)
 - public static final 'GL_UNPACK_SKIP_ROWS' 'I' @532  3315 (0x00000cf3)
 - public static final 'GL_UNPACK_SKIP_PIXELS' 'I' @536  3316 (0x00000cf4)
 - public static final 'GL_UNPACK_ALIGNMENT' 'I' @540  3317 (0x00000cf5)
 - public static final 'GL_PACK_SWAP_BYTES' 'I' @544  3328 (0x00000d00)
 - public static final 'GL_PACK_LSB_FIRST' 'I' @548  3329 (0x00000d01)
 - public static final 'GL_PACK_ROW_LENGTH' 'I' @552  3330 (0x00000d02)
 - public static final 'GL_PACK_SKIP_ROWS' 'I' @556  3331 (0x00000d03)
 - public static final 'GL_PACK_SKIP_PIXELS' 'I' @560  3332 (0x00000d04)
 - public static final 'GL_PACK_ALIGNMENT' 'I' @564  3333 (0x00000d05)
 - public static final 'GL_MAX_TEXTURE_SIZE' 'I' @568  3379 (0x00000d33)
 - public static final 'GL_MAX_VIEWPORT_DIMS' 'I' @572  3386 (0x00000d3a)
 - public static final 'GL_SUBPIXEL_BITS' 'I' @576  3408 (0x00000d50)
 - public static final 'GL_TEXTURE_1D' 'I' @580  3552 (0x00000de0)
 - public static final 'GL_TEXTURE_2D' 'I' @584  3553 (0x00000de1)
 - public static final 'GL_TEXTURE_WIDTH' 'I' @588  4096 (0x00001000)
 - public static final 'GL_TEXTURE_HEIGHT' 'I' @592  4097 (0x00001001)
 - public static final 'GL_TEXTURE_INTERNAL_FORMAT' 'I' @596  4099 (0x00001003)
 - public static final 'GL_TEXTURE_BORDER_COLOR' 'I' @600  4100 (0x00001004)
 - public static final 'GL_DONT_CARE' 'I' @604  4352 (0x00001100)
 - public static final 'GL_FASTEST' 'I' @608  4353 (0x00001101)
 - public static final 'GL_NICEST' 'I' @612  4354 (0x00001102)
 - public static final 'GL_CLEAR' 'I' @616  5376 (0x00001500)
 - public static final 'GL_AND' 'I' @620  5377 (0x00001501)
 - public static final 'GL_AND_REVERSE' 'I' @624  5378 (0x00001502)
 - public static final 'GL_COPY' 'I' @628  5379 (0x00001503)
 - public static final 'GL_AND_INVERTED' 'I' @632  5380 (0x00001504)
 - public static final 'GL_NOOP' 'I' @636  5381 (0x00001505)
 - public static final 'GL_XOR' 'I' @640  5382 (0x00001506)
 - public static final 'GL_OR' 'I' @644  5383 (0x00001507)
 - public static final 'GL_NOR' 'I' @648  5384 (0x00001508)
 - public static final 'GL_EQUIV' 'I' @652  5385 (0x00001509)
 - public static final 'GL_INVERT' 'I' @656  5386 (0x0000150a)
 - public static final 'GL_OR_REVERSE' 'I' @660  5387 (0x0000150b)
 - public static final 'GL_COPY_INVERTED' 'I' @664  5388 (0x0000150c)
 - public static final 'GL_OR_INVERTED' 'I' @668  5389 (0x0000150d)
 - public static final 'GL_NAND' 'I' @672  5390 (0x0000150e)
 - public static final 'GL_SET' 'I' @676  5391 (0x0000150f)
 - public static final 'GL_TEXTURE' 'I' @680  5890 (0x00001702)
 - public static final 'GL_COLOR' 'I' @684  6144 (0x00001800)
 - public static final 'GL_DEPTH' 'I' @688  6145 (0x00001801)
 - public static final 'GL_STENCIL' 'I' @692  6146 (0x00001802)
 - public static final 'GL_STENCIL_INDEX' 'I' @696  6401 (0x00001901)
 - public static final 'GL_DEPTH_COMPONENT' 'I' @700  6402 (0x00001902)
 - public static final 'GL_RED' 'I' @704  6403 (0x00001903)
 - public static final 'GL_GREEN' 'I' @708  6404 (0x00001904)
 - public static final 'GL_BLUE' 'I' @712  6405 (0x00001905)
 - public static final 'GL_ALPHA' 'I' @716  6406 (0x00001906)
 - public static final 'GL_RGB' 'I' @720  6407 (0x00001907)
 - public static final 'GL_RGBA' 'I' @724  6408 (0x00001908)
 - public static final 'GL_POINT' 'I' @728  6912 (0x00001b00)
 - public static final 'GL_LINE' 'I' @732  6913 (0x00001b01)
 - public static final 'GL_FILL' 'I' @736  6914 (0x00001b02)
 - public static final 'GL_KEEP' 'I' @740  7680 (0x00001e00)
 - public static final 'GL_REPLACE' 'I' @744  7681 (0x00001e01)
 - public static final 'GL_INCR' 'I' @748  7682 (0x00001e02)
 - public static final 'GL_DECR' 'I' @752  7683 (0x00001e03)
 - public static final 'GL_VENDOR' 'I' @756  7936 (0x00001f00)
 - public static final 'GL_RENDERER' 'I' @760  7937 (0x00001f01)
 - public static final 'GL_VERSION' 'I' @764  7938 (0x00001f02)
 - public static final 'GL_EXTENSIONS' 'I' @768  7939 (0x00001f03)
 - public static final 'GL_NEAREST' 'I' @772  9728 (0x00002600)
 - public static final 'GL_LINEAR' 'I' @776  9729 (0x00002601)
 - public static final 'GL_NEAREST_MIPMAP_NEAREST' 'I' @780  9984 (0x00002700)
 - public static final 'GL_LINEAR_MIPMAP_NEAREST' 'I' @784  9985 (0x00002701)
 - public static final 'GL_NEAREST_MIPMAP_LINEAR' 'I' @788  9986 (0x00002702)
 - public static final 'GL_LINEAR_MIPMAP_LINEAR' 'I' @792  9987 (0x00002703)
 - public static final 'GL_TEXTURE_MAG_FILTER' 'I' @796  10240 (0x00002800)
 - public static final 'GL_TEXTURE_MIN_FILTER' 'I' @800  10241 (0x00002801)
 - public static final 'GL_TEXTURE_WRAP_S' 'I' @804  10242 (0x00002802)
 - public static final 'GL_TEXTURE_WRAP_T' 'I' @808  10243 (0x00002803)
 - public static final 'GL_REPEAT' 'I' @812  10497 (0x00002901)
 - public static final 'GL_POLYGON_OFFSET_FACTOR' 'I' @816  32824 (0x00008038)
 - public static final 'GL_POLYGON_OFFSET_UNITS' 'I' @820  10752 (0x00002a00)
 - public static final 'GL_POLYGON_OFFSET_POINT' 'I' @824  10753 (0x00002a01)
 - public static final 'GL_POLYGON_OFFSET_LINE' 'I' @828  10754 (0x00002a02)
 - public static final 'GL_POLYGON_OFFSET_FILL' 'I' @832  32823 (0x00008037)
 - public static final 'GL_R3_G3_B2' 'I' @836  10768 (0x00002a10)
 - public static final 'GL_RGB4' 'I' @840  32847 (0x0000804f)
 - public static final 'GL_RGB5' 'I' @844  32848 (0x00008050)
 - public static final 'GL_RGB8' 'I' @848  32849 (0x00008051)
 - public static final 'GL_RGB10' 'I' @852  32850 (0x00008052)
 - public static final 'GL_RGB12' 'I' @856  32851 (0x00008053)
 - public static final 'GL_RGB16' 'I' @860  32852 (0x00008054)
 - public static final 'GL_RGBA2' 'I' @864  32853 (0x00008055)
 - public static final 'GL_RGBA4' 'I' @868  32854 (0x00008056)
 - public static final 'GL_RGB5_A1' 'I' @872  32855 (0x00008057)
 - public static final 'GL_RGBA8' 'I' @876  32856 (0x00008058)
 - public static final 'GL_RGB10_A2' 'I' @880  32857 (0x00008059)
 - public static final 'GL_RGBA12' 'I' @884  32858 (0x0000805a)
 - public static final 'GL_RGBA16' 'I' @888  32859 (0x0000805b)
 - public static final 'GL_TEXTURE_RED_SIZE' 'I' @892  32860 (0x0000805c)
 - public static final 'GL_TEXTURE_GREEN_SIZE' 'I' @896  32861 (0x0000805d)
 - public static final 'GL_TEXTURE_BLUE_SIZE' 'I' @900  32862 (0x0000805e)
 - public static final 'GL_TEXTURE_ALPHA_SIZE' 'I' @904  32863 (0x0000805f)
 - public static final 'GL_PROXY_TEXTURE_1D' 'I' @908  32867 (0x00008063)
 - public static final 'GL_PROXY_TEXTURE_2D' 'I' @912  32868 (0x00008064)
 - public static final 'GL_TEXTURE_BINDING_1D' 'I' @916  32872 (0x00008068)
 - public static final 'GL_TEXTURE_BINDING_2D' 'I' @920  32873 (0x00008069)
 - public static final 'GL_VERTEX_ARRAY' 'I' @924  32884 (0x00008074)
R12=0x0 is null
R13={method} {0x000002410952b328} 'nglGenTextures' '(IJ)V' in 'org/lwjgl/opengl/GL11C'
R14=0x000000c102cff170 is pointing into the stack for thread: 0x00000240a02f61a0
R15=0x00000240a02f61a0 is a thread

Top of Stack: (sp=0x000000c102cff0b8)
0x000000c102cff0b8:   00000240b204ce4b 00000240b2048860
0x000000c102cff0c8:   00000240b204cb37 000002410952b320
0x000000c102cff0d8:   0000024109160888 000000c102cff158
0x000000c102cff0e8:   00000240b204893e 00000240b204cadf
0x000000c102cff0f8:   000000c102cff0f8 000002410952b320
0x000000c102cff108:   0000000000000006 00000241095270e8
0x000000c102cff118:   0000000000000000 0000000620b37b68
0x000000c102cff128:   000002410952b320 0000000000000000
0x000000c102cff138:   000000c102cff160 000000c102cff1c0
0x000000c102cff148:   00000240b2048860 0000000620b37b68
0x000000c102cff158:   00000240b204a3d7 000002410861a74c
0x000000c102cff168:   0000000000000000 0000000000000001
0x000000c102cff178:   000000c102cff178 000002410952b4a4
0x000000c102cff188:   0000000000000006 00000241095270e8
0x000000c102cff198:   0000000000000000 0000000620b37b68
0x000000c102cff1a8:   000002410952b510 000000c102cff160
0x000000c102cff1b8:   000000c102cff1f8 000000c102cff240
0x000000c102cff1c8:   00000240b2048988 0000000000000000
0x000000c102cff1d8:   0000000000000000 0000000620b41038
0x000000c102cff1e8:   0000000000010000 0000000620aeda88
0x000000c102cff1f8:   000000c102cff1f8 0000024109485488
0x000000c102cff208:   0000000000000001 00000241094aaa90
0x000000c102cff218:   0000000000000000 0000000620ff9e28
0x000000c102cff228:   00000241094854a0 000000c102cff1f8
0x000000c102cff238:   000000c102cff250 000000c102cff2a0
0x000000c102cff248:   00000240b2048988 0000000620fe56f8
0x000000c102cff258:   000000c102cff258 000002410946fd42
0x000000c102cff268:   0000000000000007 0000024109475760
0x000000c102cff278:   0000000000000000 0000000620fe55d8
0x000000c102cff288:   0000024109475468 000000c102cff250
0x000000c102cff298:   000000c102cff2d0 000000c102cff330
0x000000c102cff2a8:   00000240b2048860 0000000000000000 

Instructions: (pc=0x00007ffdc8b1d39a)
0x00007ffdc8b1d29a:   cc cc cc cc cc cc 48 8b 01 48 8b 40 18 44 89 c1
0x00007ffdc8b1d2aa:   48 ff a0 d0 01 00 00 cc cc cc cc cc cc cc cc cc
0x00007ffdc8b1d2ba:   cc cc cc cc cc cc 0f 28 cb 0f 28 c2 48 8b 01 48
0x00007ffdc8b1d2ca:   8b 40 18 48 8b 80 d8 01 00 00 48 ff e0 cc cc cc
0x00007ffdc8b1d2da:   cc cc cc cc cc cc 44 89 ca 44 89 c0 44 8b 44 24
0x00007ffdc8b1d2ea:   28 48 8b 09 48 8b 49 18 4c 8b 89 e8 01 00 00 89
0x00007ffdc8b1d2fa:   c1 49 ff e1 cc cc 48 8b 01 48 8b 40 18 44 89 c1
0x00007ffdc8b1d30a:   48 ff a0 f0 01 00 00 cc cc cc cc cc cc cc cc cc
0x00007ffdc8b1d31a:   cc cc cc cc cc cc 44 89 ca 44 89 c0 44 8b 44 24
0x00007ffdc8b1d32a:   28 4c 8b 4c 24 30 48 8b 09 48 8b 49 18 4c 8b 91
0x00007ffdc8b1d33a:   f8 01 00 00 89 c1 49 ff e2 cc cc cc cc cc cc cc
0x00007ffdc8b1d34a:   cc cc cc cc cc cc 48 8b 01 48 8b 40 18 48 ff a0
0x00007ffdc8b1d35a:   98 02 00 00 cc cc 48 8b 01 48 8b 40 18 48 ff a0
0x00007ffdc8b1d36a:   a0 02 00 00 cc cc 48 8b 01 48 8b 40 18 44 89 c1
0x00007ffdc8b1d37a:   48 ff a0 c8 02 00 00 cc cc cc cc cc cc cc cc cc
0x00007ffdc8b1d38a:   cc cc cc cc cc cc 4c 89 ca 48 8b 01 48 8b 40 18
0x00007ffdc8b1d39a:   48 8b 80 d8 02 00 00 44 89 c1 48 ff e0 cc cc cc
0x00007ffdc8b1d3aa:   cc cc cc cc cc cc 4c 89 ca 48 8b 01 48 8b 40 18
0x00007ffdc8b1d3ba:   48 8b 80 e0 02 00 00 44 89 c1 48 ff e0 cc cc cc
0x00007ffdc8b1d3ca:   cc cc cc cc cc cc 4c 89 ca 48 8b 01 48 8b 40 18
0x00007ffdc8b1d3da:   48 8b 80 f0 02 00 00 44 89 c1 48 ff e0 cc cc cc
0x00007ffdc8b1d3ea:   cc cc cc cc cc cc 4c 89 ca 48 8b 01 48 8b 40 18
0x00007ffdc8b1d3fa:   48 8b 80 f8 02 00 00 44 89 c1 48 ff e0 cc cc cc
0x00007ffdc8b1d40a:   cc cc cc cc cc cc 4c 89 ca 48 8b 01 48 8b 40 18
0x00007ffdc8b1d41a:   48 8b 80 00 03 00 00 44 89 c1 48 ff e0 cc cc cc
0x00007ffdc8b1d42a:   cc cc cc cc cc cc 4c 89 ca 48 8b 01 48 8b 40 18
0x00007ffdc8b1d43a:   48 8b 80 08 03 00 00 44 89 c1 48 ff e0 cc cc cc
0x00007ffdc8b1d44a:   cc cc cc cc cc cc 48 8b 01 48 8b 40 18 48 ff a0
0x00007ffdc8b1d45a:   10 03 00 00 cc cc 4c 89 ca 48 8b 01 48 8b 40 18
0x00007ffdc8b1d46a:   48 8b 80 68 03 00 00 44 89 c1 48 ff e0 cc cc cc
0x00007ffdc8b1d47a:   cc cc cc cc cc cc 48 8b 01 48 8b 40 18 44 89 c1
0x00007ffdc8b1d48a:   48 ff a0 78 03 00 00 cc cc cc cc cc cc cc cc cc 


Stack slot to memory mapping:

stack at sp + 0 slots: 0x00000240b204ce4b is at code_begin+1067 in an Interpreter codelet
native method entry point (kind = native)  [0x00000240b204ca20, 0x00000240b204d548]  2856 bytes
stack at sp + 1 slots: 0x00000240b2048860 is at code_begin+1184 in an Interpreter codelet
return entry points  [0x00000240b20483c0, 0x00000240b2048f60]  2976 bytes
stack at sp + 2 slots: 0x00000240b204cb37 is at code_begin+279 in an Interpreter codelet
native method entry point (kind = native)  [0x00000240b204ca20, 0x00000240b204d548]  2856 bytes
stack at sp + 3 slots: {method} {0x000002410952b328} 'nglGenTextures' '(IJ)V' in 'org/lwjgl/opengl/GL11C'
stack at sp + 4 slots: 0x0000024109160888 is pointing into metadata
stack at sp + 5 slots: 0x000000c102cff158 is pointing into the stack for thread: 0x00000240a02f61a0
stack at sp + 6 slots: 0x00000240b204893e is at code_begin+1406 in an Interpreter codelet
return entry points  [0x00000240b20483c0, 0x00000240b2048f60]  2976 bytes
stack at sp + 7 slots: 0x00000240b204cadf is at code_begin+191 in an Interpreter codelet
native method entry point (kind = native)  [0x00000240b204ca20, 0x00000240b204d548]  2856 bytes


---------------  P R O C E S S  ---------------

Threads class SMR info:
_java_thread_list=0x00000241082dac70, length=12, elements={
0x00000240a02f61a0, 0x00000240c41e3f10, 0x00000240c41e77a0, 0x00000240c41f5560,
0x00000240c41f6330, 0x00000240c41f8ac0, 0x00000240c41fa240, 0x00000240c41fcd00,
0x00000240c4209220, 0x00000241081e0d10, 0x0000024108205900, 0x00000241082c7430
}

Java Threads: ( => current thread )
=>0x00000240a02f61a0 JavaThread "main"                              [_thread_in_native, id=8832, stack(0x000000c102c00000,0x000000c102d00000) (1024K)]
  0x00000240c41e3f10 JavaThread "Reference Handler"          daemon [_thread_blocked, id=9336, stack(0x000000c103400000,0x000000c103500000) (1024K)]
  0x00000240c41e77a0 JavaThread "Finalizer"                  daemon [_thread_blocked, id=220, stack(0x000000c103500000,0x000000c103600000) (1024K)]
  0x00000240c41f5560 JavaThread "Signal Dispatcher"          daemon [_thread_blocked, id=16556, stack(0x000000c103600000,0x000000c103700000) (1024K)]
  0x00000240c41f6330 JavaThread "Attach Listener"            daemon [_thread_blocked, id=11484, stack(0x000000c103700000,0x000000c103800000) (1024K)]
  0x00000240c41f8ac0 JavaThread "Service Thread"             daemon [_thread_blocked, id=14672, stack(0x000000c103800000,0x000000c103900000) (1024K)]
  0x00000240c41fa240 JavaThread "Monitor Deflation Thread"   daemon [_thread_blocked, id=18932, stack(0x000000c103900000,0x000000c103a00000) (1024K)]
  0x00000240c41fcd00 JavaThread "C2 CompilerThread0"         daemon [_thread_blocked, id=6680, stack(0x000000c103a00000,0x000000c103b00000) (1024K)]
  0x00000240c4209220 JavaThread "C1 CompilerThread0"         daemon [_thread_blocked, id=9740, stack(0x000000c103b00000,0x000000c103c00000) (1024K)]
  0x00000241081e0d10 JavaThread "Notification Thread"        daemon [_thread_blocked, id=15692, stack(0x000000c103c00000,0x000000c103d00000) (1024K)]
  0x0000024108205900 JavaThread "Common-Cleaner"             daemon [_thread_blocked, id=8772, stack(0x000000c103d00000,0x000000c103e00000) (1024K)]
  0x00000241082c7430 JavaThread "C2 CompilerThread1"         daemon [_thread_blocked, id=17792, stack(0x000000c103e00000,0x000000c103f00000) (1024K)]
Total: 12

Other Threads:
  0x00000240c41c4a80 VMThread "VM Thread"                           [id=14204, stack(0x000000c103300000,0x000000c103400000) (1024K)]
  0x0000024108080fa0 WatcherThread "VM Periodic Task Thread"        [id=4052, stack(0x000000c103200000,0x000000c103300000) (1024K)]
  0x00000240a24eef50 WorkerThread "GC Thread#0"                     [id=15092, stack(0x000000c102d00000,0x000000c102e00000) (1024K)]
  0x00000240c4024070 ConcurrentGCThread "G1 Main Marker"            [id=612, stack(0x000000c102e00000,0x000000c102f00000) (1024K)]
  0x00000240c4024b70 WorkerThread "G1 Conc#0"                       [id=8508, stack(0x000000c102f00000,0x000000c103000000) (1024K)]
  0x00000240c40e6620 ConcurrentGCThread "G1 Refine#0"               [id=20284, stack(0x000000c103000000,0x000000c103100000) (1024K)]
  0x00000240c40e8040 ConcurrentGCThread "G1 Service"                [id=16632, stack(0x000000c103100000,0x000000c103200000) (1024K)]
Total: 7

Threads with active compile tasks:
Total: 0

VM state: not at safepoint (normal execution)

VM Mutex/Monitor currently owned by a thread: None

Heap address: 0x0000000601000000, size: 8176 MB, Compressed Oops mode: Zero based, Oop shift amount: 3

CDS archive(s) mapped at: [0x00000240c7000000-0x00000240c7c90000-0x00000240c7c90000), size 13172736, SharedBaseAddress: 0x00000240c7000000, ArchiveRelocationMode: 1.
Compressed class space mapped at: 0x00000240c8000000-0x0000024108000000, reserved size: 1073741824
Narrow klass base: 0x00000240c7000000, Narrow klass shift: 0, Narrow klass range: 0x100000000

GC Precious Log:
 CardTable entry size: 512
 Card Set container configuration: InlinePtr #cards 4 size 8 Array Of Cards #cards 32 size 80 Howl #buckets 8 coarsen threshold 7372 Howl Bitmap #cards 1024 size 144 coarsen threshold 921 Card regions per heap region 1 cards per card region 8192
 CPUs: 12 total, 12 available
 Memory: 32696M
 Large Page Support: Disabled
 NUMA Support: Disabled
 Compressed Oops: Enabled (Zero based)
 Heap Region Size: 4M
 Heap Min Capacity: 8M
 Heap Initial Capacity: 512M
 Heap Max Capacity: 8176M
 Pre-touch: Disabled
 Parallel Workers: 10
 Concurrent Workers: 3
 Concurrent Refinement Workers: 10
 Periodic GC: Disabled

Heap:
 garbage-first heap   total 524288K, used 0K [0x0000000601000000, 0x0000000800000000)
  region size 4096K, 2 young (8192K), 0 survivors (0K)
 Metaspace       used 2840K, committed 3008K, reserved 1114112K
  class space    used 198K, committed 256K, reserved 1048576K

Heap Regions: E=young(eden), S=young(survivor), O=old, HS=humongous(starts), HC=humongous(continues), CS=collection set, F=free, TAMS=top-at-mark-start, PB=parsable bottom
|   0|0x0000000601000000, 0x0000000601000000, 0x0000000601400000|  0%| F|  |TAMS 0x0000000601000000| PB 0x0000000601000000| Untracked 
|   1|0x0000000601400000, 0x0000000601400000, 0x0000000601800000|  0%| F|  |TAMS 0x0000000601400000| PB 0x0000000601400000| Untracked 
|   2|0x0000000601800000, 0x0000000601800000, 0x0000000601c00000|  0%| F|  |TAMS 0x0000000601800000| PB 0x0000000601800000| Untracked 
|   3|0x0000000601c00000, 0x0000000601c00000, 0x0000000602000000|  0%| F|  |TAMS 0x0000000601c00000| PB 0x0000000601c00000| Untracked 
|   4|0x0000000602000000, 0x0000000602000000, 0x0000000602400000|  0%| F|  |TAMS 0x0000000602000000| PB 0x0000000602000000| Untracked 
|   5|0x0000000602400000, 0x0000000602400000, 0x0000000602800000|  0%| F|  |TAMS 0x0000000602400000| PB 0x0000000602400000| Untracked 
|   6|0x0000000602800000, 0x0000000602800000, 0x0000000602c00000|  0%| F|  |TAMS 0x0000000602800000| PB 0x0000000602800000| Untracked 
|   7|0x0000000602c00000, 0x0000000602c00000, 0x0000000603000000|  0%| F|  |TAMS 0x0000000602c00000| PB 0x0000000602c00000| Untracked 
|   8|0x0000000603000000, 0x0000000603000000, 0x0000000603400000|  0%| F|  |TAMS 0x0000000603000000| PB 0x0000000603000000| Untracked 
|   9|0x0000000603400000, 0x0000000603400000, 0x0000000603800000|  0%| F|  |TAMS 0x0000000603400000| PB 0x0000000603400000| Untracked 
|  10|0x0000000603800000, 0x0000000603800000, 0x0000000603c00000|  0%| F|  |TAMS 0x0000000603800000| PB 0x0000000603800000| Untracked 
|  11|0x0000000603c00000, 0x0000000603c00000, 0x0000000604000000|  0%| F|  |TAMS 0x0000000603c00000| PB 0x0000000603c00000| Untracked 
|  12|0x0000000604000000, 0x0000000604000000, 0x0000000604400000|  0%| F|  |TAMS 0x0000000604000000| PB 0x0000000604000000| Untracked 
|  13|0x0000000604400000, 0x0000000604400000, 0x0000000604800000|  0%| F|  |TAMS 0x0000000604400000| PB 0x0000000604400000| Untracked 
|  14|0x0000000604800000, 0x0000000604800000, 0x0000000604c00000|  0%| F|  |TAMS 0x0000000604800000| PB 0x0000000604800000| Untracked 
|  15|0x0000000604c00000, 0x0000000604c00000, 0x0000000605000000|  0%| F|  |TAMS 0x0000000604c00000| PB 0x0000000604c00000| Untracked 
|  16|0x0000000605000000, 0x0000000605000000, 0x0000000605400000|  0%| F|  |TAMS 0x0000000605000000| PB 0x0000000605000000| Untracked 
|  17|0x0000000605400000, 0x0000000605400000, 0x0000000605800000|  0%| F|  |TAMS 0x0000000605400000| PB 0x0000000605400000| Untracked 
|  18|0x0000000605800000, 0x0000000605800000, 0x0000000605c00000|  0%| F|  |TAMS 0x0000000605800000| PB 0x0000000605800000| Untracked 
|  19|0x0000000605c00000, 0x0000000605c00000, 0x0000000606000000|  0%| F|  |TAMS 0x0000000605c00000| PB 0x0000000605c00000| Untracked 
|  20|0x0000000606000000, 0x0000000606000000, 0x0000000606400000|  0%| F|  |TAMS 0x0000000606000000| PB 0x0000000606000000| Untracked 
|  21|0x0000000606400000, 0x0000000606400000, 0x0000000606800000|  0%| F|  |TAMS 0x0000000606400000| PB 0x0000000606400000| Untracked 
|  22|0x0000000606800000, 0x0000000606800000, 0x0000000606c00000|  0%| F|  |TAMS 0x0000000606800000| PB 0x0000000606800000| Untracked 
|  23|0x0000000606c00000, 0x0000000606c00000, 0x0000000607000000|  0%| F|  |TAMS 0x0000000606c00000| PB 0x0000000606c00000| Untracked 
|  24|0x0000000607000000, 0x0000000607000000, 0x0000000607400000|  0%| F|  |TAMS 0x0000000607000000| PB 0x0000000607000000| Untracked 
|  25|0x0000000607400000, 0x0000000607400000, 0x0000000607800000|  0%| F|  |TAMS 0x0000000607400000| PB 0x0000000607400000| Untracked 
|  26|0x0000000607800000, 0x0000000607800000, 0x0000000607c00000|  0%| F|  |TAMS 0x0000000607800000| PB 0x0000000607800000| Untracked 
|  27|0x0000000607c00000, 0x0000000607c00000, 0x0000000608000000|  0%| F|  |TAMS 0x0000000607c00000| PB 0x0000000607c00000| Untracked 
|  28|0x0000000608000000, 0x0000000608000000, 0x0000000608400000|  0%| F|  |TAMS 0x0000000608000000| PB 0x0000000608000000| Untracked 
|  29|0x0000000608400000, 0x0000000608400000, 0x0000000608800000|  0%| F|  |TAMS 0x0000000608400000| PB 0x0000000608400000| Untracked 
|  30|0x0000000608800000, 0x0000000608800000, 0x0000000608c00000|  0%| F|  |TAMS 0x0000000608800000| PB 0x0000000608800000| Untracked 
|  31|0x0000000608c00000, 0x0000000608c00000, 0x0000000609000000|  0%| F|  |TAMS 0x0000000608c00000| PB 0x0000000608c00000| Untracked 
|  32|0x0000000609000000, 0x0000000609000000, 0x0000000609400000|  0%| F|  |TAMS 0x0000000609000000| PB 0x0000000609000000| Untracked 
|  33|0x0000000609400000, 0x0000000609400000, 0x0000000609800000|  0%| F|  |TAMS 0x0000000609400000| PB 0x0000000609400000| Untracked 
|  34|0x0000000609800000, 0x0000000609800000, 0x0000000609c00000|  0%| F|  |TAMS 0x0000000609800000| PB 0x0000000609800000| Untracked 
|  35|0x0000000609c00000, 0x0000000609c00000, 0x000000060a000000|  0%| F|  |TAMS 0x0000000609c00000| PB 0x0000000609c00000| Untracked 
|  36|0x000000060a000000, 0x000000060a000000, 0x000000060a400000|  0%| F|  |TAMS 0x000000060a000000| PB 0x000000060a000000| Untracked 
|  37|0x000000060a400000, 0x000000060a400000, 0x000000060a800000|  0%| F|  |TAMS 0x000000060a400000| PB 0x000000060a400000| Untracked 
|  38|0x000000060a800000, 0x000000060a800000, 0x000000060ac00000|  0%| F|  |TAMS 0x000000060a800000| PB 0x000000060a800000| Untracked 
|  39|0x000000060ac00000, 0x000000060ac00000, 0x000000060b000000|  0%| F|  |TAMS 0x000000060ac00000| PB 0x000000060ac00000| Untracked 
|  40|0x000000060b000000, 0x000000060b000000, 0x000000060b400000|  0%| F|  |TAMS 0x000000060b000000| PB 0x000000060b000000| Untracked 
|  41|0x000000060b400000, 0x000000060b400000, 0x000000060b800000|  0%| F|  |TAMS 0x000000060b400000| PB 0x000000060b400000| Untracked 
|  42|0x000000060b800000, 0x000000060b800000, 0x000000060bc00000|  0%| F|  |TAMS 0x000000060b800000| PB 0x000000060b800000| Untracked 
|  43|0x000000060bc00000, 0x000000060bc00000, 0x000000060c000000|  0%| F|  |TAMS 0x000000060bc00000| PB 0x000000060bc00000| Untracked 
|  44|0x000000060c000000, 0x000000060c000000, 0x000000060c400000|  0%| F|  |TAMS 0x000000060c000000| PB 0x000000060c000000| Untracked 
|  45|0x000000060c400000, 0x000000060c400000, 0x000000060c800000|  0%| F|  |TAMS 0x000000060c400000| PB 0x000000060c400000| Untracked 
|  46|0x000000060c800000, 0x000000060c800000, 0x000000060cc00000|  0%| F|  |TAMS 0x000000060c800000| PB 0x000000060c800000| Untracked 
|  47|0x000000060cc00000, 0x000000060cc00000, 0x000000060d000000|  0%| F|  |TAMS 0x000000060cc00000| PB 0x000000060cc00000| Untracked 
|  48|0x000000060d000000, 0x000000060d000000, 0x000000060d400000|  0%| F|  |TAMS 0x000000060d000000| PB 0x000000060d000000| Untracked 
|  49|0x000000060d400000, 0x000000060d400000, 0x000000060d800000|  0%| F|  |TAMS 0x000000060d400000| PB 0x000000060d400000| Untracked 
|  50|0x000000060d800000, 0x000000060d800000, 0x000000060dc00000|  0%| F|  |TAMS 0x000000060d800000| PB 0x000000060d800000| Untracked 
|  51|0x000000060dc00000, 0x000000060dc00000, 0x000000060e000000|  0%| F|  |TAMS 0x000000060dc00000| PB 0x000000060dc00000| Untracked 
|  52|0x000000060e000000, 0x000000060e000000, 0x000000060e400000|  0%| F|  |TAMS 0x000000060e000000| PB 0x000000060e000000| Untracked 
|  53|0x000000060e400000, 0x000000060e400000, 0x000000060e800000|  0%| F|  |TAMS 0x000000060e400000| PB 0x000000060e400000| Untracked 
|  54|0x000000060e800000, 0x000000060e800000, 0x000000060ec00000|  0%| F|  |TAMS 0x000000060e800000| PB 0x000000060e800000| Untracked 
|  55|0x000000060ec00000, 0x000000060ec00000, 0x000000060f000000|  0%| F|  |TAMS 0x000000060ec00000| PB 0x000000060ec00000| Untracked 
|  56|0x000000060f000000, 0x000000060f000000, 0x000000060f400000|  0%| F|  |TAMS 0x000000060f000000| PB 0x000000060f000000| Untracked 
|  57|0x000000060f400000, 0x000000060f400000, 0x000000060f800000|  0%| F|  |TAMS 0x000000060f400000| PB 0x000000060f400000| Untracked 
|  58|0x000000060f800000, 0x000000060f800000, 0x000000060fc00000|  0%| F|  |TAMS 0x000000060f800000| PB 0x000000060f800000| Untracked 
|  59|0x000000060fc00000, 0x000000060fc00000, 0x0000000610000000|  0%| F|  |TAMS 0x000000060fc00000| PB 0x000000060fc00000| Untracked 
|  60|0x0000000610000000, 0x0000000610000000, 0x0000000610400000|  0%| F|  |TAMS 0x0000000610000000| PB 0x0000000610000000| Untracked 
|  61|0x0000000610400000, 0x0000000610400000, 0x0000000610800000|  0%| F|  |TAMS 0x0000000610400000| PB 0x0000000610400000| Untracked 
|  62|0x0000000610800000, 0x0000000610800000, 0x0000000610c00000|  0%| F|  |TAMS 0x0000000610800000| PB 0x0000000610800000| Untracked 
|  63|0x0000000610c00000, 0x0000000610c00000, 0x0000000611000000|  0%| F|  |TAMS 0x0000000610c00000| PB 0x0000000610c00000| Untracked 
|  64|0x0000000611000000, 0x0000000611000000, 0x0000000611400000|  0%| F|  |TAMS 0x0000000611000000| PB 0x0000000611000000| Untracked 
|  65|0x0000000611400000, 0x0000000611400000, 0x0000000611800000|  0%| F|  |TAMS 0x0000000611400000| PB 0x0000000611400000| Untracked 
|  66|0x0000000611800000, 0x0000000611800000, 0x0000000611c00000|  0%| F|  |TAMS 0x0000000611800000| PB 0x0000000611800000| Untracked 
|  67|0x0000000611c00000, 0x0000000611c00000, 0x0000000612000000|  0%| F|  |TAMS 0x0000000611c00000| PB 0x0000000611c00000| Untracked 
|  68|0x0000000612000000, 0x0000000612000000, 0x0000000612400000|  0%| F|  |TAMS 0x0000000612000000| PB 0x0000000612000000| Untracked 
|  69|0x0000000612400000, 0x0000000612400000, 0x0000000612800000|  0%| F|  |TAMS 0x0000000612400000| PB 0x0000000612400000| Untracked 
|  70|0x0000000612800000, 0x0000000612800000, 0x0000000612c00000|  0%| F|  |TAMS 0x0000000612800000| PB 0x0000000612800000| Untracked 
|  71|0x0000000612c00000, 0x0000000612c00000, 0x0000000613000000|  0%| F|  |TAMS 0x0000000612c00000| PB 0x0000000612c00000| Untracked 
|  72|0x0000000613000000, 0x0000000613000000, 0x0000000613400000|  0%| F|  |TAMS 0x0000000613000000| PB 0x0000000613000000| Untracked 
|  73|0x0000000613400000, 0x0000000613400000, 0x0000000613800000|  0%| F|  |TAMS 0x0000000613400000| PB 0x0000000613400000| Untracked 
|  74|0x0000000613800000, 0x0000000613800000, 0x0000000613c00000|  0%| F|  |TAMS 0x0000000613800000| PB 0x0000000613800000| Untracked 
|  75|0x0000000613c00000, 0x0000000613c00000, 0x0000000614000000|  0%| F|  |TAMS 0x0000000613c00000| PB 0x0000000613c00000| Untracked 
|  76|0x0000000614000000, 0x0000000614000000, 0x0000000614400000|  0%| F|  |TAMS 0x0000000614000000| PB 0x0000000614000000| Untracked 
|  77|0x0000000614400000, 0x0000000614400000, 0x0000000614800000|  0%| F|  |TAMS 0x0000000614400000| PB 0x0000000614400000| Untracked 
|  78|0x0000000614800000, 0x0000000614800000, 0x0000000614c00000|  0%| F|  |TAMS 0x0000000614800000| PB 0x0000000614800000| Untracked 
|  79|0x0000000614c00000, 0x0000000614c00000, 0x0000000615000000|  0%| F|  |TAMS 0x0000000614c00000| PB 0x0000000614c00000| Untracked 
|  80|0x0000000615000000, 0x0000000615000000, 0x0000000615400000|  0%| F|  |TAMS 0x0000000615000000| PB 0x0000000615000000| Untracked 
|  81|0x0000000615400000, 0x0000000615400000, 0x0000000615800000|  0%| F|  |TAMS 0x0000000615400000| PB 0x0000000615400000| Untracked 
|  82|0x0000000615800000, 0x0000000615800000, 0x0000000615c00000|  0%| F|  |TAMS 0x0000000615800000| PB 0x0000000615800000| Untracked 
|  83|0x0000000615c00000, 0x0000000615c00000, 0x0000000616000000|  0%| F|  |TAMS 0x0000000615c00000| PB 0x0000000615c00000| Untracked 
|  84|0x0000000616000000, 0x0000000616000000, 0x0000000616400000|  0%| F|  |TAMS 0x0000000616000000| PB 0x0000000616000000| Untracked 
|  85|0x0000000616400000, 0x0000000616400000, 0x0000000616800000|  0%| F|  |TAMS 0x0000000616400000| PB 0x0000000616400000| Untracked 
|  86|0x0000000616800000, 0x0000000616800000, 0x0000000616c00000|  0%| F|  |TAMS 0x0000000616800000| PB 0x0000000616800000| Untracked 
|  87|0x0000000616c00000, 0x0000000616c00000, 0x0000000617000000|  0%| F|  |TAMS 0x0000000616c00000| PB 0x0000000616c00000| Untracked 
|  88|0x0000000617000000, 0x0000000617000000, 0x0000000617400000|  0%| F|  |TAMS 0x0000000617000000| PB 0x0000000617000000| Untracked 
|  89|0x0000000617400000, 0x0000000617400000, 0x0000000617800000|  0%| F|  |TAMS 0x0000000617400000| PB 0x0000000617400000| Untracked 
|  90|0x0000000617800000, 0x0000000617800000, 0x0000000617c00000|  0%| F|  |TAMS 0x0000000617800000| PB 0x0000000617800000| Untracked 
|  91|0x0000000617c00000, 0x0000000617c00000, 0x0000000618000000|  0%| F|  |TAMS 0x0000000617c00000| PB 0x0000000617c00000| Untracked 
|  92|0x0000000618000000, 0x0000000618000000, 0x0000000618400000|  0%| F|  |TAMS 0x0000000618000000| PB 0x0000000618000000| Untracked 
|  93|0x0000000618400000, 0x0000000618400000, 0x0000000618800000|  0%| F|  |TAMS 0x0000000618400000| PB 0x0000000618400000| Untracked 
|  94|0x0000000618800000, 0x0000000618800000, 0x0000000618c00000|  0%| F|  |TAMS 0x0000000618800000| PB 0x0000000618800000| Untracked 
|  95|0x0000000618c00000, 0x0000000618c00000, 0x0000000619000000|  0%| F|  |TAMS 0x0000000618c00000| PB 0x0000000618c00000| Untracked 
|  96|0x0000000619000000, 0x0000000619000000, 0x0000000619400000|  0%| F|  |TAMS 0x0000000619000000| PB 0x0000000619000000| Untracked 
|  97|0x0000000619400000, 0x0000000619400000, 0x0000000619800000|  0%| F|  |TAMS 0x0000000619400000| PB 0x0000000619400000| Untracked 
|  98|0x0000000619800000, 0x0000000619800000, 0x0000000619c00000|  0%| F|  |TAMS 0x0000000619800000| PB 0x0000000619800000| Untracked 
|  99|0x0000000619c00000, 0x0000000619c00000, 0x000000061a000000|  0%| F|  |TAMS 0x0000000619c00000| PB 0x0000000619c00000| Untracked 
| 100|0x000000061a000000, 0x000000061a000000, 0x000000061a400000|  0%| F|  |TAMS 0x000000061a000000| PB 0x000000061a000000| Untracked 
| 101|0x000000061a400000, 0x000000061a400000, 0x000000061a800000|  0%| F|  |TAMS 0x000000061a400000| PB 0x000000061a400000| Untracked 
| 102|0x000000061a800000, 0x000000061a800000, 0x000000061ac00000|  0%| F|  |TAMS 0x000000061a800000| PB 0x000000061a800000| Untracked 
| 103|0x000000061ac00000, 0x000000061ac00000, 0x000000061b000000|  0%| F|  |TAMS 0x000000061ac00000| PB 0x000000061ac00000| Untracked 
| 104|0x000000061b000000, 0x000000061b000000, 0x000000061b400000|  0%| F|  |TAMS 0x000000061b000000| PB 0x000000061b000000| Untracked 
| 105|0x000000061b400000, 0x000000061b400000, 0x000000061b800000|  0%| F|  |TAMS 0x000000061b400000| PB 0x000000061b400000| Untracked 
| 106|0x000000061b800000, 0x000000061b800000, 0x000000061bc00000|  0%| F|  |TAMS 0x000000061b800000| PB 0x000000061b800000| Untracked 
| 107|0x000000061bc00000, 0x000000061bc00000, 0x000000061c000000|  0%| F|  |TAMS 0x000000061bc00000| PB 0x000000061bc00000| Untracked 
| 108|0x000000061c000000, 0x000000061c000000, 0x000000061c400000|  0%| F|  |TAMS 0x000000061c000000| PB 0x000000061c000000| Untracked 
| 109|0x000000061c400000, 0x000000061c400000, 0x000000061c800000|  0%| F|  |TAMS 0x000000061c400000| PB 0x000000061c400000| Untracked 
| 110|0x000000061c800000, 0x000000061c800000, 0x000000061cc00000|  0%| F|  |TAMS 0x000000061c800000| PB 0x000000061c800000| Untracked 
| 111|0x000000061cc00000, 0x000000061cc00000, 0x000000061d000000|  0%| F|  |TAMS 0x000000061cc00000| PB 0x000000061cc00000| Untracked 
| 112|0x000000061d000000, 0x000000061d000000, 0x000000061d400000|  0%| F|  |TAMS 0x000000061d000000| PB 0x000000061d000000| Untracked 
| 113|0x000000061d400000, 0x000000061d400000, 0x000000061d800000|  0%| F|  |TAMS 0x000000061d400000| PB 0x000000061d400000| Untracked 
| 114|0x000000061d800000, 0x000000061d800000, 0x000000061dc00000|  0%| F|  |TAMS 0x000000061d800000| PB 0x000000061d800000| Untracked 
| 115|0x000000061dc00000, 0x000000061dc00000, 0x000000061e000000|  0%| F|  |TAMS 0x000000061dc00000| PB 0x000000061dc00000| Untracked 
| 116|0x000000061e000000, 0x000000061e000000, 0x000000061e400000|  0%| F|  |TAMS 0x000000061e000000| PB 0x000000061e000000| Untracked 
| 117|0x000000061e400000, 0x000000061e400000, 0x000000061e800000|  0%| F|  |TAMS 0x000000061e400000| PB 0x000000061e400000| Untracked 
| 118|0x000000061e800000, 0x000000061e800000, 0x000000061ec00000|  0%| F|  |TAMS 0x000000061e800000| PB 0x000000061e800000| Untracked 
| 119|0x000000061ec00000, 0x000000061ec00000, 0x000000061f000000|  0%| F|  |TAMS 0x000000061ec00000| PB 0x000000061ec00000| Untracked 
| 120|0x000000061f000000, 0x000000061f000000, 0x000000061f400000|  0%| F|  |TAMS 0x000000061f000000| PB 0x000000061f000000| Untracked 
| 121|0x000000061f400000, 0x000000061f400000, 0x000000061f800000|  0%| F|  |TAMS 0x000000061f400000| PB 0x000000061f400000| Untracked 
| 122|0x000000061f800000, 0x000000061f800000, 0x000000061fc00000|  0%| F|  |TAMS 0x000000061f800000| PB 0x000000061f800000| Untracked 
| 123|0x000000061fc00000, 0x000000061fc00000, 0x0000000620000000|  0%| F|  |TAMS 0x000000061fc00000| PB 0x000000061fc00000| Untracked 
| 124|0x0000000620000000, 0x0000000620000000, 0x0000000620400000|  0%| F|  |TAMS 0x0000000620000000| PB 0x0000000620000000| Untracked 
| 125|0x0000000620400000, 0x0000000620400000, 0x0000000620800000|  0%| F|  |TAMS 0x0000000620400000| PB 0x0000000620400000| Untracked 
| 126|0x0000000620800000, 0x0000000620b57ec8, 0x0000000620c00000| 83%| E|  |TAMS 0x0000000620800000| PB 0x0000000620800000| Complete 
| 127|0x0000000620c00000, 0x0000000621000000, 0x0000000621000000|100%| E|  |TAMS 0x0000000620c00000| PB 0x0000000620c00000| Complete 

Card table byte_map: [0x00000240bb060000,0x00000240bc060000] _byte_map_base: 0x00000240b8058000

Marking Bits: (CMBitMap*) 0x00000240a24ef650
 Bits: [0x00000240bc060000, 0x00000240c4020000)

Polling page: 0x00000240a1c00000

Metaspace:

Usage:
  Non-class:      2.58 MB used.
      Class:    198.01 KB used.
       Both:      2.77 MB used.

Virtual space:
  Non-class space:       64.00 MB reserved,       2.69 MB (  4%) committed,  1 nodes.
      Class space:        1.00 GB reserved,     256.00 KB ( <1%) committed,  1 nodes.
             Both:        1.06 GB reserved,       2.94 MB ( <1%) committed. 

Chunk freelists:
   Non-Class:  10.77 MB
       Class:  15.64 MB
        Both:  26.41 MB

MaxMetaspaceSize: unlimited
CompressedClassSpaceSize: 1.00 GB
Initial GC threshold: 21.00 MB
Current GC threshold: 21.00 MB
CDS: on
 - commit_granule_bytes: 65536.
 - commit_granule_words: 8192.
 - virtual_space_node_default_size: 8388608.
 - enlarge_chunks_in_place: 1.
 - use_allocation_guard: 0.


Internal statistics:

num_allocs_failed_limit: 0.
num_arena_births: 78.
num_arena_deaths: 0.
num_vsnodes_births: 2.
num_vsnodes_deaths: 0.
num_space_committed: 47.
num_space_uncommitted: 0.
num_chunks_returned_to_freelist: 0.
num_chunks_taken_from_freelist: 148.
num_chunk_merges: 0.
num_chunk_splits: 100.
num_chunks_enlarged: 61.
num_inconsistent_stats: 0.

CodeHeap 'non-profiled nmethods': size=120000Kb used=171Kb max_used=171Kb free=119828Kb
 bounds [0x00000240b25e0000, 0x00000240b2850000, 0x00000240b9b10000]
CodeHeap 'profiled nmethods': size=120000Kb used=823Kb max_used=823Kb free=119177Kb
 bounds [0x00000240aab10000, 0x00000240aad80000, 0x00000240b2040000]
CodeHeap 'non-nmethods': size=5760Kb used=1405Kb max_used=1409Kb free=4354Kb
 bounds [0x00000240b2040000, 0x00000240b22b0000, 0x00000240b25e0000]
 total_blobs=1054 nmethods=553 adapters=406
 compilation: enabled
              stopped_count=0, restarted_count=0
 full_count=0

Compilation events (20 events):
Event: 0.187 Thread 0x00000240c4209220  543       1       java.net.URL::getUserInfo (5 bytes)
Event: 0.188 Thread 0x00000240c4209220 nmethod 543 0x00000240b260a490 code [0x00000240b260a620, 0x00000240b260a6f0]
Event: 0.188 Thread 0x00000240c4209220  544       3       java.util.zip.ZipUtils::CENLEN (9 bytes)
Event: 0.188 Thread 0x00000240c4209220 nmethod 544 0x00000240aabd9510 code [0x00000240aabd96c0, 0x00000240aabd9998]
Event: 0.188 Thread 0x00000240c4209220  545       3       java.lang.String::replace (42 bytes)
Event: 0.188 Thread 0x00000240c4209220 nmethod 545 0x00000240aabd9b10 code [0x00000240aabd9ce0, 0x00000240aabda010]
Event: 0.188 Thread 0x00000240c4209220  546       3       java.lang.StringConcatHelper::initialCoder (14 bytes)
Event: 0.188 Thread 0x00000240c4209220 nmethod 546 0x00000240aabda110 code [0x00000240aabda2a0, 0x00000240aabda3b8]
Event: 0.188 Thread 0x00000240c4209220  547       3       java.lang.StringConcatHelper::newString (67 bytes)
Event: 0.188 Thread 0x00000240c4209220 nmethod 547 0x00000240aabda410 code [0x00000240aabda680, 0x00000240aabdb050]
Event: 0.188 Thread 0x00000240c4209220  551       3       org.lwjgl.system.MemoryUtil::memPutAddress (29 bytes)
Event: 0.188 Thread 0x00000240c4209220 nmethod 551 0x00000240aabdb410 code [0x00000240aabdb5c0, 0x00000240aabdb7b8]
Event: 0.189 Thread 0x00000240c4209220  549       3       java.lang.Integer::toUnsignedLong (7 bytes)
Event: 0.189 Thread 0x00000240c4209220 nmethod 549 0x00000240aabdb890 code [0x00000240aabdba20, 0x00000240aabdbb20]
Event: 0.189 Thread 0x00000240c4209220  550       3       sun.misc.Unsafe::putLong (11 bytes)
Event: 0.189 Thread 0x00000240c4209220 nmethod 550 0x00000240aabdbb90 code [0x00000240aabdbd20, 0x00000240aabdbe30]
Event: 0.189 Thread 0x00000240c4209220  552       3       java.lang.String::concat (15 bytes)
Event: 0.189 Thread 0x00000240c4209220 nmethod 552 0x00000240aabdbf10 code [0x00000240aabdc260, 0x00000240aabdd588]
Event: 0.189 Thread 0x00000240c4209220  553       1       java.security.CodeSource::getLocation (5 bytes)
Event: 0.189 Thread 0x00000240c4209220 nmethod 553 0x00000240b260ab90 code [0x00000240b260ad20, 0x00000240b260adf0]

GC Heap History (0 events):
No events

Dll operation events (9 events):
Event: 0.006 Loaded shared library C:\Program Files\Eclipse Adoptium\jdk-21.0.4.7-hotspot\bin\java.dll
Event: 0.024 Loaded shared library C:\Program Files\Eclipse Adoptium\jdk-21.0.4.7-hotspot\bin\jsvml.dll
Event: 0.052 Loaded shared library C:\Program Files\Eclipse Adoptium\jdk-21.0.4.7-hotspot\bin\net.dll
Event: 0.053 Loaded shared library C:\Program Files\Eclipse Adoptium\jdk-21.0.4.7-hotspot\bin\nio.dll
Event: 0.057 Loaded shared library C:\Program Files\Eclipse Adoptium\jdk-21.0.4.7-hotspot\bin\zip.dll
Event: 0.075 Loaded shared library C:\Program Files\Eclipse Adoptium\jdk-21.0.4.7-hotspot\bin\verify.dll
Event: 0.112 Loaded shared library C:\Program Files\Eclipse Adoptium\jdk-21.0.4.7-hotspot\bin\jimage.dll
Event: 0.132 Loaded shared library C:\Users\cadel\AppData\Local\Temp\lwjgl_cadel\3.3.4+7\x64\lwjgl.dll
Event: 0.171 Loaded shared library C:\Users\cadel\AppData\Local\Temp\lwjgl_cadel\3.3.4+7\x64\lwjgl_opengl.dll

Deoptimization events (4 events):
Event: 0.114 Thread 0x00000240a02f61a0 DEOPT PACKING pc=0x00000240aab278f8 sp=0x000000c102cfc230
Event: 0.114 Thread 0x00000240a02f61a0 DEOPT UNPACKING pc=0x00000240b2094e42 sp=0x000000c102cfb650 mode 0
Event: 0.116 Thread 0x00000240a02f61a0 DEOPT PACKING pc=0x00000240aab17dd8 sp=0x000000c102cfc500
Event: 0.116 Thread 0x00000240a02f61a0 DEOPT UNPACKING pc=0x00000240b2094e42 sp=0x000000c102cfb968 mode 0

Classes loaded (20 events):
Event: 0.177 Loading class java/nio/DirectCharBufferU
Event: 0.177 Loading class java/nio/DirectCharBufferU done
Event: 0.177 Loading class java/nio/DirectFloatBufferU
Event: 0.177 Loading class java/nio/DirectFloatBufferU done
Event: 0.177 Loading class java/nio/DirectDoubleBufferU
Event: 0.177 Loading class java/nio/DirectDoubleBufferU done
Event: 0.177 Loading class sun/misc/Unsafe
Event: 0.177 Loading class sun/misc/Unsafe done
Event: 0.177 Loading class java/lang/invoke/DirectMethodHandle$StaticAccessor
Event: 0.177 Loading class java/lang/invoke/DirectMethodHandle$StaticAccessor done
Event: 0.178 Loading class java/util/function/LongPredicate
Event: 0.178 Loading class java/util/function/LongPredicate done
Event: 0.179 Loading class java/lang/foreign/MemorySegment
Event: 0.179 Loading class java/lang/foreign/MemorySegment done
Event: 0.182 Loading class java/nio/InvalidMarkException
Event: 0.182 Loading class java/nio/InvalidMarkException done
Event: 0.182 Loading class java/nio/BufferUnderflowException
Event: 0.182 Loading class java/nio/BufferUnderflowException done
Event: 0.187 Loading class java/util/Formatter$FixedString
Event: 0.187 Loading class java/util/Formatter$FixedString done

Classes unloaded (0 events):
No events

Classes redefined (0 events):
No events

Internal exceptions (20 events):
Event: 0.098 Thread 0x00000240a02f61a0 Exception <a 'java/lang/NoSuchMethodError'{0x000000062088e6e8}: 'void java.lang.System.load(java.lang.String, java.lang.Class)'> (0x000000062088e6e8) 
thrown [s\src\hotspot\share\interpreter\linkResolver.cpp, line 773]
Event: 0.098 Thread 0x00000240a02f61a0 Exception <a 'java/lang/NoSuchMethodError'{0x000000062088f3b8}: 'void java.lang.invoke.DirectMethodHandle$Holder.invokeSpecial(java.lang.Object, java.lang.Object, java.lang.Object)'> (0x000000062088f3b8) 
thrown [s\src\hotspot\share\interpreter\linkResolver.cpp, line 773]
Event: 0.099 Thread 0x00000240a02f61a0 Exception <a 'java/lang/NoSuchMethodError'{0x00000006208a1440}: 'java.lang.Object java.lang.invoke.DirectMethodHandle$Holder.invokeStatic(java.lang.Object, java.lang.Object, int)'> (0x00000006208a1440) 
thrown [s\src\hotspot\share\interpreter\linkResolver.cpp, line 773]
Event: 0.100 Thread 0x00000240a02f61a0 Exception <a 'java/lang/NoSuchMethodError'{0x00000006208accd8}: 'void java.lang.invoke.DelegatingMethodHandle$Holder.delegate(java.lang.Object, java.lang.Object, int, java.lang.Object)'> (0x00000006208accd8) 
thrown [s\src\hotspot\share\interpreter\linkResolver.cpp, line 773]
Event: 0.100 Thread 0x00000240a02f61a0 Exception <a 'java/lang/NoSuchMethodError'{0x00000006208b0cf0}: 'int java.lang.invoke.DirectMethodHandle$Holder.invokeSpecial(java.lang.Object, java.lang.Object, java.lang.Object)'> (0x00000006208b0cf0) 
thrown [s\src\hotspot\share\interpreter\linkResolver.cpp, line 773]
Event: 0.104 Thread 0x00000240a02f61a0 Exception <a 'java/lang/NoSuchMethodError'{0x00000006208d0bf0}: 'void java.lang.System.loadLibrary(java.lang.String, java.lang.Class)'> (0x00000006208d0bf0) 
thrown [s\src\hotspot\share\interpreter\linkResolver.cpp, line 773]
Event: 0.111 Thread 0x00000240a02f61a0 Exception <a 'java/lang/NoSuchMethodError'{0x000000062092a188}: 'void java.lang.System.load(java.lang.String, java.lang.Class)'> (0x000000062092a188) 
thrown [s\src\hotspot\share\interpreter\linkResolver.cpp, line 773]
Event: 0.111 Thread 0x00000240a02f61a0 Exception <a 'java/lang/NoSuchMethodError'{0x000000062092cbf0}: 'void java.lang.System.loadLibrary(java.lang.String, java.lang.Class)'> (0x000000062092cbf0) 
thrown [s\src\hotspot\share\interpreter\linkResolver.cpp, line 773]
Event: 0.134 Thread 0x00000240a02f61a0 Exception <a 'sun/nio/fs/WindowsException'{0x00000006209cdab0}> (0x00000006209cdab0) 
thrown [s\src\hotspot\share\prims\jni.cpp, line 520]
Event: 0.135 Thread 0x00000240a02f61a0 Exception <a 'sun/nio/fs/WindowsException'{0x00000006209cdfe0}> (0x00000006209cdfe0) 
thrown [s\src\hotspot\share\prims\jni.cpp, line 520]
Event: 0.170 Thread 0x00000240a02f61a0 Exception <a 'sun/nio/fs/WindowsException'{0x0000000620a48c70}> (0x0000000620a48c70) 
thrown [s\src\hotspot\share\prims\jni.cpp, line 520]
Event: 0.170 Thread 0x00000240a02f61a0 Exception <a 'sun/nio/fs/WindowsException'{0x0000000620a49010}> (0x0000000620a49010) 
thrown [s\src\hotspot\share\prims\jni.cpp, line 520]
Event: 0.173 Thread 0x00000240a02f61a0 Exception <a 'sun/nio/fs/WindowsException'{0x0000000620a51f18}> (0x0000000620a51f18) 
thrown [s\src\hotspot\share\prims\jni.cpp, line 520]
Event: 0.173 Thread 0x00000240a02f61a0 Exception <a 'sun/nio/fs/WindowsException'{0x0000000620a521e8}> (0x0000000620a521e8) 
thrown [s\src\hotspot\share\prims\jni.cpp, line 520]
Event: 0.179 Thread 0x00000240a02f61a0 Exception <a 'java/lang/NoSuchMethodError'{0x0000000620aa1000}: 'int java.lang.invoke.DirectMethodHandle$Holder.invokeStaticInit(java.lang.Object, java.lang.Object, int, long)'> (0x0000000620aa1000) 
thrown [s\src\hotspot\share\interpreter\linkResolver.cpp, line 773]
Event: 0.179 Thread 0x00000240a02f61a0 Exception <a 'java/lang/NoSuchMethodError'{0x0000000620aa63b8}: 'java.lang.Object java.lang.invoke.DirectMethodHandle$Holder.newInvokeSpecial(java.lang.Object, java.lang.Object, int)'> (0x0000000620aa63b8) 
thrown [s\src\hotspot\share\interpreter\linkResolver.cpp, line 773]
Event: 0.180 Thread 0x00000240a02f61a0 Exception <a 'java/lang/NoSuchMethodError'{0x0000000620ab5460}: 'int java.lang.invoke.DirectMethodHandle$Holder.invokeStaticInit(java.lang.Object, java.lang.Object, long, long)'> (0x0000000620ab5460) 
thrown [s\src\hotspot\share\interpreter\linkResolver.cpp, line 773]
Event: 0.181 Thread 0x00000240a02f61a0 Exception <a 'java/lang/NoSuchMethodError'{0x0000000620abad40}: 'java.lang.Object java.lang.invoke.DirectMethodHandle$Holder.newInvokeSpecial(java.lang.Object, java.lang.Object, long)'> (0x0000000620abad40) 
thrown [s\src\hotspot\share\interpreter\linkResolver.cpp, line 773]
Event: 0.181 Thread 0x00000240a02f61a0 Exception <a 'java/lang/NoSuchMethodError'{0x0000000620abe688}: 'java.lang.Object java.lang.invoke.Invokers$Holder.linkToTargetMethod(java.lang.Object, long, java.lang.Object)'> (0x0000000620abe688) 
thrown [s\src\hotspot\share\interpreter\linkResolver.cpp, line 773]
Event: 0.181 Thread 0x00000240a02f61a0 Exception <a 'java/lang/NoSuchMethodError'{0x0000000620ac5780}: 'int java.lang.invoke.DirectMethodHandle$Holder.invokeStaticInit(java.lang.Object, java.lang.Object, java.lang.Object, long)'> (0x0000000620ac5780) 
thrown [s\src\hotspot\share\interpreter\linkResolver.cpp, line 773]

ZGC Phase Switch (0 events):
No events

VM Operations (6 events):
Event: 0.059 Executing VM operation: HandshakeAllThreads (Deoptimize)
Event: 0.059 Executing VM operation: HandshakeAllThreads (Deoptimize) done
Event: 0.127 Executing VM operation: HandshakeAllThreads (Deoptimize)
Event: 0.127 Executing VM operation: HandshakeAllThreads (Deoptimize) done
Event: 0.135 Executing VM operation: HandshakeAllThreads (Deoptimize)
Event: 0.135 Executing VM operation: HandshakeAllThreads (Deoptimize) done

Memory protections (0 events):
No events

Nmethod flushes (0 events):
No events

Events (12 events):
Event: 0.014 Thread 0x00000240a02f61a0 Thread added: 0x00000240a02f61a0
Event: 0.022 Thread 0x00000240a02f61a0 Thread added: 0x00000240c41e3f10
Event: 0.022 Thread 0x00000240a02f61a0 Thread added: 0x00000240c41e77a0
Event: 0.023 Thread 0x00000240a02f61a0 Thread added: 0x00000240c41f5560
Event: 0.023 Thread 0x00000240a02f61a0 Thread added: 0x00000240c41f6330
Event: 0.023 Thread 0x00000240a02f61a0 Thread added: 0x00000240c41f8ac0
Event: 0.023 Thread 0x00000240a02f61a0 Thread added: 0x00000240c41fa240
Event: 0.023 Thread 0x00000240a02f61a0 Thread added: 0x00000240c41fcd00
Event: 0.023 Thread 0x00000240a02f61a0 Thread added: 0x00000240c4209220
Event: 0.044 Thread 0x00000240a02f61a0 Thread added: 0x00000241081e0d10
Event: 0.046 Thread 0x00000240a02f61a0 Thread added: 0x0000024108205900
Event: 0.119 Thread 0x00000240c41fcd00 Thread added: 0x00000241082c7430


Dynamic libraries:
0x00007ff757530000 - 0x00007ff75753e000 	C:\Program Files\Eclipse Adoptium\jdk-21.0.4.7-hotspot\bin\java.exe
0x00007ffe18440000 - 0x00007ffe186a3000 	C:\WINDOWS\SYSTEM32\ntdll.dll
0x00007ffe16610000 - 0x00007ffe166d7000 	C:\WINDOWS\System32\KERNEL32.DLL
0x00007ffe15a50000 - 0x00007ffe15e00000 	C:\WINDOWS\System32\KERNELBASE.dll
0x00007ffe16040000 - 0x00007ffe1618b000 	C:\WINDOWS\System32\ucrtbase.dll
0x00007ffe07ea0000 - 0x00007ffe07eb8000 	C:\Program Files\Eclipse Adoptium\jdk-21.0.4.7-hotspot\bin\jli.dll
0x00007ffdf5090000 - 0x00007ffdf50ab000 	C:\Program Files\Eclipse Adoptium\jdk-21.0.4.7-hotspot\bin\VCRUNTIME140.dll
0x00007ffe17040000 - 0x00007ffe17203000 	C:\WINDOWS\System32\USER32.dll
0x00007ffdfed10000 - 0x00007ffdfefa0000 	C:\WINDOWS\WinSxS\amd64_microsoft.windows.common-controls_6595b64144ccf1df_6.0.26100.1882_none_3e0e949ae32eca40\COMCTL32.dll
0x00007ffe158e0000 - 0x00007ffe15907000 	C:\WINDOWS\System32\win32u.dll
0x00007ffe17b70000 - 0x00007ffe17c19000 	C:\WINDOWS\System32\msvcrt.dll
0x00007ffe17c20000 - 0x00007ffe17c4a000 	C:\WINDOWS\System32\GDI32.dll
0x00007ffe16190000 - 0x00007ffe162b3000 	C:\WINDOWS\System32\gdi32full.dll
0x00007ffe15e10000 - 0x00007ffe15eb3000 	C:\WINDOWS\System32\msvcp_win.dll
0x00007ffe17220000 - 0x00007ffe1724f000 	C:\WINDOWS\System32\IMM32.DLL
0x00007ffe12910000 - 0x00007ffe1291c000 	C:\Program Files\Eclipse Adoptium\jdk-21.0.4.7-hotspot\bin\vcruntime140_1.dll
0x00007ffdf5000000 - 0x00007ffdf508e000 	C:\Program Files\Eclipse Adoptium\jdk-21.0.4.7-hotspot\bin\msvcp140.dll
0x00007ffdb3990000 - 0x00007ffdb4718000 	C:\Program Files\Eclipse Adoptium\jdk-21.0.4.7-hotspot\bin\server\jvm.dll
0x00007ffe181d0000 - 0x00007ffe18284000 	C:\WINDOWS\System32\ADVAPI32.dll
0x00007ffe17ac0000 - 0x00007ffe17b66000 	C:\WINDOWS\System32\sechost.dll
0x00007ffe16750000 - 0x00007ffe16866000 	C:\WINDOWS\System32\RPCRT4.dll
0x00007ffe18150000 - 0x00007ffe181c4000 	C:\WINDOWS\System32\WS2_32.dll
0x00007ffe14530000 - 0x00007ffe1457e000 	C:\WINDOWS\SYSTEM32\POWRPROF.dll
0x00007ffe126a0000 - 0x00007ffe126ab000 	C:\WINDOWS\SYSTEM32\VERSION.dll
0x00007ffe0a070000 - 0x00007ffe0a0a6000 	C:\WINDOWS\SYSTEM32\WINMM.dll
0x00007ffe14510000 - 0x00007ffe14524000 	C:\WINDOWS\SYSTEM32\UMPDC.dll
0x00007ffe147b0000 - 0x00007ffe147ca000 	C:\WINDOWS\SYSTEM32\kernel.appcore.dll
0x00007ffdf3890000 - 0x00007ffdf389a000 	C:\Program Files\Eclipse Adoptium\jdk-21.0.4.7-hotspot\bin\jimage.dll
0x00007ffe025e0000 - 0x00007ffe02821000 	C:\WINDOWS\SYSTEM32\DBGHELP.DLL
0x00007ffe17c50000 - 0x00007ffe17fcc000 	C:\WINDOWS\System32\combase.dll
0x00007ffe17710000 - 0x00007ffe177e6000 	C:\WINDOWS\System32\OLEAUT32.dll
0x00007ffdca4c0000 - 0x00007ffdca4f9000 	C:\WINDOWS\SYSTEM32\dbgcore.DLL
0x00007ffe15840000 - 0x00007ffe158d9000 	C:\WINDOWS\System32\bcryptPrimitives.dll
0x00007ffdd7690000 - 0x00007ffdd76af000 	C:\Program Files\Eclipse Adoptium\jdk-21.0.4.7-hotspot\bin\java.dll
0x00007ffe16940000 - 0x00007ffe17038000 	C:\WINDOWS\System32\SHELL32.dll
0x00007ffe13640000 - 0x00007ffe13e6a000 	C:\WINDOWS\SYSTEM32\windows.storage.dll
0x00007ffe16320000 - 0x00007ffe163f3000 	C:\WINDOWS\System32\SHCORE.dll
0x00007ffe166f0000 - 0x00007ffe1674d000 	C:\WINDOWS\System32\shlwapi.dll
0x00007ffe15760000 - 0x00007ffe15789000 	C:\WINDOWS\SYSTEM32\profapi.dll
0x00007ffdd75b0000 - 0x00007ffdd7687000 	C:\Program Files\Eclipse Adoptium\jdk-21.0.4.7-hotspot\bin\jsvml.dll
0x00007ffdf2d60000 - 0x00007ffdf2d70000 	C:\Program Files\Eclipse Adoptium\jdk-21.0.4.7-hotspot\bin\net.dll
0x00007ffe07d70000 - 0x00007ffe07e96000 	C:\WINDOWS\SYSTEM32\WINHTTP.dll
0x00007ffe14cb0000 - 0x00007ffe14d18000 	C:\WINDOWS\system32\mswsock.dll
0x00007ffdc6360000 - 0x00007ffdc6376000 	C:\Program Files\Eclipse Adoptium\jdk-21.0.4.7-hotspot\bin\nio.dll
0x00007ffdc90b0000 - 0x00007ffdc90c8000 	C:\Program Files\Eclipse Adoptium\jdk-21.0.4.7-hotspot\bin\zip.dll
0x00007ffdf22b0000 - 0x00007ffdf22c0000 	C:\Program Files\Eclipse Adoptium\jdk-21.0.4.7-hotspot\bin\verify.dll
0x00007ffe028c0000 - 0x00007ffe0293b000 	C:\Users\cadel\AppData\Local\Temp\lwjgl_cadel\3.3.4+7\x64\lwjgl.dll
0x00007ffdc8b10000 - 0x00007ffdc8b71000 	C:\Users\cadel\AppData\Local\Temp\lwjgl_cadel\3.3.4+7\x64\lwjgl_opengl.dll
0x00007ffdc8a00000 - 0x00007ffdc8b0c000 	C:\WINDOWS\SYSTEM32\opengl32.dll
0x00007ffe02890000 - 0x00007ffe028bd000 	C:\WINDOWS\SYSTEM32\GLU32.dll
0x00007ffe13150000 - 0x00007ffe13190000 	C:\WINDOWS\SYSTEM32\dxcore.dll

dbghelp: loaded successfully - version: 4.0.5 - missing functions: none
symbol engine: initialized successfully - sym options: 0x614 - pdb path: .;C:\Program Files\Eclipse Adoptium\jdk-21.0.4.7-hotspot\bin;C:\WINDOWS\SYSTEM32;C:\WINDOWS\WinSxS\amd64_microsoft.windows.common-controls_6595b64144ccf1df_6.0.26100.1882_none_3e0e949ae32eca40;C:\Program Files\Eclipse Adoptium\jdk-21.0.4.7-hotspot\bin\server;C:\Users\cadel\AppData\Local\Temp\lwjgl_cadel\3.3.4+7\x64

VM Arguments:
jvm_args: -XX:+ShowCodeDetailsInExceptionMessages 
java_command: bytejam.project.App
java_class_path (initial): C:\Users\cadel\OneDrive\Desktop\ByteJam-Project\app\bin\main;C:\Users\cadel\.gradle\caches\modules-2\files-2.1\com.google.guava\guava\33.0.0-jre\161ba27964a62f241533807a46b8711b13c1d94b\guava-33.0.0-jre.jar;C:\Users\cadel\.gradle\caches\modules-2\files-2.1\org.lwjgl\lwjgl-assimp\3.3.4\4651577de25afb21511c4b39e1ee3002ab1cad5d\lwjgl-assimp-3.3.4.jar;C:\Users\cadel\.gradle\caches\modules-2\files-2.1\org.lwjgl\lwjgl-glfw\3.3.4\7e46ecdec85db8738053cfde1414352cd62dab74\lwjgl-glfw-3.3.4.jar;C:\Users\cadel\.gradle\caches\modules-2\files-2.1\org.lwjgl\lwjgl-nfd\3.3.4\176827b812b331189e36d4879926f50f4fc37b50\lwjgl-nfd-3.3.4.jar;C:\Users\cadel\.gradle\caches\modules-2\files-2.1\org.lwjgl\lwjgl-openal\3.3.4\9b74d3ea380c83353d42af43ad9659e04dabe84a\lwjgl-openal-3.3.4.jar;C:\Users\cadel\.gradle\caches\modules-2\files-2.1\org.lwjgl\lwjgl-opengl\3.3.4\2852ac7d9f6fc71349f1ce28e2708ff1977f18af\lwjgl-opengl-3.3.4.jar;C:\Users\cadel\.gradle\caches\modules-2\files-2.1\org.lwjgl\lwjgl-stb\3.3.4\5821735d5ef23f6da8542887344e57eb181b7cac\lwjgl-stb-3.3.4.jar;C:\Users\cadel\.gradle\caches\modules-2\files-2.1\org.lwjgl\lwjgl\3.3.4\b86c3e4832426e8a6b466013b7cb34b40e9ce956\lwjgl-3.3.4.jar;C:\Users\cadel\.gradle\caches\modules-2\files-2.1\org.joml\joml\1.10.7\f8c3f2e7db281bde099342dd36133de4bbba390c\joml-1.10.7.jar;C:\Users\cadel\.gradle\caches\modules-2\files-2.1\com.google.guava\failureaccess\1.0.2\c4a06a64e650562f30b7bf9aaec1bfed43aca12b\failureaccess-1.0.2.jar;C:\Users\cadel\.gradle\caches\modules-2\files-2.1\com.google.guava\listenablefuture\9999.0-empty-to-avoid-conflict-with-guava\b421526c5f297295adef1c886e5246c39d4ac629\listenablefuture-9999.0-empty-to-avoid-conflict-with-guava.jar;C:\Users\cadel\.gradle\caches\modules-2\files-2.1\com.google.code.findbugs\jsr305\3.0.2\25ea2e8b0c338a877313bd4672d3fe056ea78f0d\jsr305-3.0.2.jar;C:\Users\cadel\.gradle\caches\modules-2\files-2.1\org.checkerframework\checker-qual\3.41.0\8be6df7f1e9bccb19f8f351b3651f0bac2f5e0c\checker-qual-3.41.0.jar;C:\Users\cadel\.gradle\caches\modules-2\files-2.1\com.google.errorprone\error_prone_annotations\2.23.0\43a27853b6c7d54893e0b1997c2c778c347179eb\error_prone_annotations-2.23.0.jar;C:\Users\cadel\.gradle\caches\modules-2\files-2.1\com.google.j2objc\j2objc-annotations\2.8\c85270e307e7b822f1086b93689124b89768e273\j2objc-annotations-2.8.jar;C:\Users\cadel\.gradle\caches\modules-2\files-2.1\org.jetbrains.kotlin\kotlin-stdlib-jdk8\1.8.20\73576ddf378c5b4f1f6b449fe6b119b8183fc078\kotlin-stdlib-jdk8-1.8.20.jar;C:\Users\cadel\.gradle\caches\modules-2\files-2.1\org.jetbrains.kotlin\kotlin-stdlib-jdk7\1.8.20\3aa51faf20aae8b31e1a4bc54f8370673d7b7df4\kotlin-stdlib-jdk7-1.8.20.jar;C:\Users\cadel\.gradle\caches\modules-2\files-2.1\org.jetbrains.kotlin\kotlin-stdlib\1.8.20\e72fc5e03ec6c064c678a6bd0d955c88d55b0c4a\kotlin-stdlib-1.8.20.jar;C:\Users\cadel\.gradle\caches\modules-2\files-2.1\org.jetbrains.kotlin\kotlin-stdlib-common\1.8.20\5eddaaf234c8c49d03eebeb6a14feb7f90faca71\kotlin-stdlib-common-1.8.20.jar;C:\Users\cadel\.gradle\caches\modules-2\files-2.1\org.jetbrains\annotations\13.0\919f0dfe192fb4e063e7dacadee7f8bb9a2672a9\annotations-13.0.jar;C:\Users\cadel\.gradle\caches\modules-2\files-2.1\org.lwjgl\lwjgl-assimp\3.3.4\65a7534e8a97b340c5e9716e15339b2b8964d656\lwjgl-assimp-3.3.4-natives-windows.jar;C:\Users\cadel\.gradle\caches\modules-2\files-2.1\org.lwjgl\lwjgl-glfw\3.3.4\370ef92d15819a123c643dd2b0fc3a2d40bb263c\lwjgl-glfw-3.3.4-natives-windows.jar;C:\Users\cadel\.gradle\caches\modules-2\files-2.1\org.lwjgl\lwjgl-nfd\3.3.4\f67e276de66b5666322c6cbc7772786de99634bf\lwjgl-nfd-3.3.4-natives-windows.jar;C:\Users\cadel\.gradle\caches\modules-2\files-2.1\org.lwjgl\lwjgl-openal\3.3.4\c4de8af803aacda71044418095a71cd63b569a15\lwjgl-openal-3.3.4-natives-windows.jar;C:\Users\cadel\.gradle\caches\modules-2\files-2.1\org.lwjgl\lwjgl-opengl\3.3.4\f7ca4e75573a9ce83075bd86bc8a3e49ff106696\lwjgl-opengl-3.3.4-natives-windows.jar;C:\Users\cadel\.gradle\caches\modules-2\files-2.1\org.lwjgl\lwjgl-stb\3.3.4\8310e565463ec8d369528e8b26a9b1518d079a01\lwjgl-stb-3.3.4-natives-windows.jar;C:\Users\cadel\.gradle\caches\modules-2\files-2.1\org.lwjgl\lwjgl\3.3.4\dd0927c1348cdcd9573fa24b7278ec1ac2bb0a76\lwjgl-3.3.4-natives-windows.jar
Launcher Type: SUN_STANDARD

[Global flags]
     intx CICompilerCount                          = 4                                         {product} {ergonomic}
     uint ConcGCThreads                            = 3                                         {product} {ergonomic}
     uint G1ConcRefinementThreads                  = 10                                        {product} {ergonomic}
   size_t G1HeapRegionSize                         = 4194304                                   {product} {ergonomic}
    uintx GCDrainStackTargetSize                   = 64                                        {product} {ergonomic}
   size_t InitialHeapSize                          = 536870912                                 {product} {ergonomic}
   size_t MarkStackSize                            = 4194304                                   {product} {ergonomic}
   size_t MaxHeapSize                              = 8573157376                                {product} {ergonomic}
   size_t MaxNewSize                               = 5142216704                                {product} {ergonomic}
   size_t MinHeapDeltaBytes                        = 4194304                                   {product} {ergonomic}
   size_t MinHeapSize                              = 8388608                                   {product} {ergonomic}
    uintx NonNMethodCodeHeapSize                   = 5839372                                {pd product} {ergonomic}
    uintx NonProfiledCodeHeapSize                  = 122909434                              {pd product} {ergonomic}
    uintx ProfiledCodeHeapSize                     = 122909434                              {pd product} {ergonomic}
    uintx ReservedCodeCacheSize                    = 251658240                              {pd product} {ergonomic}
     bool SegmentedCodeCache                       = true                                      {product} {ergonomic}
     bool ShowCodeDetailsInExceptionMessages       = true                                   {manageable} {command line}
   size_t SoftMaxHeapSize                          = 8573157376                             {manageable} {ergonomic}
     bool UseCompressedOops                        = true                           {product lp64_product} {ergonomic}
     bool UseG1GC                                  = true                                      {product} {ergonomic}
     bool UseLargePagesIndividualAllocation        = false                                  {pd product} {ergonomic}

Logging:
Log output configuration:
 #0: stdout all=warning uptime,level,tags foldmultilines=false
 #1: stderr all=off uptime,level,tags foldmultilines=false

Environment Variables:
PATH=C:\Program Files\Eclipse Adoptium\jdk-21.0.4.7-hotspot\bin;C:\Program Files (x86)\VMware\VMware Workstation\bin\;C:\Program Files\Microsoft MPI\Bin\;c:\program files\oculus\support\oculus-runtime;c:\program files\common files\oracle\java\javapath;c:\windows\system32;c:\windows;c:\windows\system32\wbem;c:\windows\system32\windowspowershell\v1.0\;c:\windows\system32\openssh\;c:\program files\nvidia corporation\nvidia nvdlisr;C:\Program Files (x86)\NVIDIA Corporation\PhysX\Common;C:\Program Files\Git\cmd;C:\Program Files\dotnet\;%SystemRoot%\system32;%SystemRoot%;%SystemRoot%\System32\Wbem;%SYSTEMROOT%\System32\WindowsPowerShell\v1.0\;%SYSTEMROOT%\System32\OpenSSH\;C:\Users\cadel\AppData\Local\Microsoft\WindowsApps;C:\Users\cadel\AppData\Local\Programs\Microsoft VS Code\bin;
USERNAME=cadel
LANG=en_US.UTF-8
OS=Windows_NT
PROCESSOR_IDENTIFIER=AMD64 Family 25 Model 33 Stepping 2, AuthenticAMD
TMP=C:\Users\cadel\AppData\Local\Temp
TEMP=C:\Users\cadel\AppData\Local\Temp




Periodic native trim disabled

---------------  S Y S T E M  ---------------

OS:
 Windows 11 , 64 bit Build 26100 (10.0.26100.1882)
OS uptime: 5 days 14:37 hours

CPU: total 12 (initial active 12) (12 cores per cpu, 2 threads per core) family 25 model 33 stepping 2 microcode 0xa20120e, cx8, cmov, fxsr, ht, mmx, 3dnowpref, sse, sse2, sse3, ssse3, sse4a, sse4.1, sse4.2, popcnt, lzcnt, tsc, tscinvbit, avx, avx2, aes, erms, clmul, bmi1, bmi2, adx, sha, fma, vzeroupper, clflush, clflushopt, rdtscp, rdpid, fsrm, f16c, pku, cet_ss
Processor Information for all 12 processors :
  Max Mhz: 3701, Current Mhz: 3701, Mhz Limit: 3701

Memory: 4k page, system-wide physical 32696M (24215M free)
TotalPageFile size 65464M (AvailPageFile size 56025M)
current process WorkingSet (physical memory assigned to process): 53M, peak: 53M
current process commit charge ("private bytes"): 613M, peak: 613M

vm_info: OpenJDK 64-Bit Server VM (21.0.4+7-LTS) for windows-amd64 JRE (21.0.4+7-LTS), built on 2024-07-16T00:00:00Z by "admin" with MS VC++ 17.7 (VS2022)

END.
